0 info it worked if it ends with ok
1 verbose cli [ '/usr/bin/node', '/usr/bin/npm', 'install' ]
2 info using npm@1.4.28
3 info using node@v0.10.38
4 verbose node symlink /usr/bin/node
5 verbose readDependencies using package.json deps
6 verbose install where, deps [ '/home/dudebro/dev/projects/aceserve',
6 verbose install   [ 'connect', 'serve-static', 'hotnode' ] ]
7 info preinstall aceserve@1.0.0
8 verbose readDependencies using package.json deps
9 verbose already installed skipping connect@3.3.x /home/dudebro/dev/projects/aceserve
10 verbose already installed skipping serve-static@1.9.x /home/dudebro/dev/projects/aceserve
11 verbose cache add [ 'hotnode@0.0.9', null ]
12 verbose cache add name=undefined spec="hotnode@0.0.9" args=["hotnode@0.0.9",null]
13 verbose parsed url { protocol: null,
13 verbose parsed url   slashes: null,
13 verbose parsed url   auth: null,
13 verbose parsed url   host: null,
13 verbose parsed url   port: null,
13 verbose parsed url   hostname: null,
13 verbose parsed url   hash: null,
13 verbose parsed url   search: null,
13 verbose parsed url   query: null,
13 verbose parsed url   pathname: 'hotnode@0.0.9',
13 verbose parsed url   path: 'hotnode@0.0.9',
13 verbose parsed url   href: 'hotnode@0.0.9' }
14 verbose cache add name="hotnode" spec="0.0.9" args=["hotnode","0.0.9"]
15 verbose parsed url { protocol: null,
15 verbose parsed url   slashes: null,
15 verbose parsed url   auth: null,
15 verbose parsed url   host: null,
15 verbose parsed url   port: null,
15 verbose parsed url   hostname: null,
15 verbose parsed url   hash: null,
15 verbose parsed url   search: null,
15 verbose parsed url   query: null,
15 verbose parsed url   pathname: '0.0.9',
15 verbose parsed url   path: '0.0.9',
15 verbose parsed url   href: '0.0.9' }
16 verbose addNamed [ 'hotnode', '0.0.9' ]
17 verbose addNamed [ '0.0.9', '0.0.9' ]
18 silly lockFile 486d5a74-hotnode-0-0-9 hotnode@0.0.9
19 verbose lock hotnode@0.0.9 /home/dudebro/.npm/486d5a74-hotnode-0-0-9.lock
20 verbose request where is /hotnode
21 verbose request registry https://registry.npmjs.org/
22 verbose request id 5695c7c876b14421
23 verbose url raw /hotnode
24 verbose url resolving [ 'https://registry.npmjs.org/', './hotnode' ]
25 verbose url resolved https://registry.npmjs.org/hotnode
26 verbose request where is https://registry.npmjs.org/hotnode
27 info trying registry request attempt 1 at 13:42:18
28 verbose etag "DS7F59IXLRURH39K9QGBGRVY1"
29 http GET https://registry.npmjs.org/hotnode
30 http 304 https://registry.npmjs.org/hotnode
31 silly registry.get cb [ 304,
31 silly registry.get   { date: 'Tue, 02 Jun 2015 20:42:18 GMT',
31 silly registry.get     via: '1.1 varnish',
31 silly registry.get     'cache-control': 'max-age=60',
31 silly registry.get     etag: '"DS7F59IXLRURH39K9QGBGRVY1"',
31 silly registry.get     age: '0',
31 silly registry.get     connection: 'keep-alive',
31 silly registry.get     'x-served-by': 'cache-sjc3128-SJC',
31 silly registry.get     'x-cache': 'MISS',
31 silly registry.get     'x-cache-hits': '0',
31 silly registry.get     'x-timer': 'S1433277738.614037,VS0,VE98',
31 silly registry.get     vary: 'Accept' } ]
32 verbose etag https://registry.npmjs.org/hotnode from cache
33 silly lockFile 486d5a74-hotnode-0-0-9 hotnode@0.0.9
34 silly lockFile 486d5a74-hotnode-0-0-9 hotnode@0.0.9
35 error Error: version not found: hotnode@0.0.9
35 error     at /usr/lib/node_modules/npm/lib/cache/add-named.js:125:12
35 error     at saved (/usr/lib/node_modules/npm/node_modules/npm-registry-client/lib/get.js:167:7)
35 error     at Object.oncomplete (fs.js:108:15)
36 error If you need help, you may report this *entire* log,
36 error including the npm and node versions, at:
36 error     <http://github.com/npm/npm/issues>
37 error System Linux 3.13.0-53-generic
38 error command "/usr/bin/node" "/usr/bin/npm" "install"
39 error cwd /home/dudebro/dev/projects/aceserve
40 error node -v v0.10.38
41 error npm -v 1.4.28
42 verbose exit [ 1, true ]
